<?xml version="1.0" encoding="UTF-8"?>
<testsuite xmlns:xsi="http://www.w3.org/2001/XMLSchema-instance" xsi:noNamespaceSchemaLocation="https://maven.apache.org/surefire/maven-surefire-plugin/xsd/surefire-test-report-3.0.xsd" version="3.0" name="org.exemple.demo.business.AppTest" time="0.011" tests="1" errors="0" skipped="0" failures="0">
  <properties>
    <property name="java.specification.version" value="17"/>
    <property name="sun.jnu.encoding" value="Cp1252"/>
    <property name="java.class.path" value="C:\Users\marie\Documents\Projet Eclipse Java\Organisez-Packagez-Projet-Maven-2-Ticket-App-Web-Multi-Tiers\ticket-business\target\test-classes;C:\Users\marie\Documents\Projet Eclipse Java\Organisez-Packagez-Projet-Maven-2-Ticket-App-Web-Multi-Tiers\ticket-business\target\classes;C:\Users\marie\Documents\Projet Eclipse Java\Organisez-Packagez-Projet-Maven-2-Ticket-App-Web-Multi-Tiers\ticket-consumer\target\ticket-consumer-1.0-SNAPSHOT.jar;C:\Users\marie\Documents\Projet Eclipse Java\Organisez-Packagez-Projet-Maven-2-Ticket-App-Web-Multi-Tiers\ticket-model\target\ticket-model-1.0-SNAPSHOT.jar;C:\Users\marie\ENV-DEV\Maven\.m2\repository\junit\junit\3.8.1\junit-3.8.1.jar;"/>
    <property name="java.vm.vendor" value="Eclipse Adoptium"/>
    <property name="sun.arch.data.model" value="32"/>
    <property name="user.variant" value=""/>
    <property name="java.vendor.url" value="https://adoptium.net/"/>
    <property name="user.timezone" value="Europe/Paris"/>
    <property name="os.name" value="Windows 11"/>
    <property name="java.vm.specification.version" value="17"/>
    <property name="sun.java.launcher" value="SUN_STANDARD"/>
    <property name="user.country" value="FR"/>
    <property name="sun.boot.library.path" value="C:\Users\marie\ENV-DEV\Java\jdk-17.0.8+7\bin"/>
    <property name="sun.java.command" value="C:\Users\marie\AppData\Local\Temp\surefire7349025744667132723\surefirebooter-20230826170223280_9.jar C:\Users\marie\AppData\Local\Temp\surefire7349025744667132723 2023-08-26T17-02-21_249-jvmRun1 surefire-20230826170223280_7tmp surefire_2-20230826170223280_8tmp"/>
    <property name="jdk.debug" value="release"/>
    <property name="surefire.test.class.path" value="C:\Users\marie\Documents\Projet Eclipse Java\Organisez-Packagez-Projet-Maven-2-Ticket-App-Web-Multi-Tiers\ticket-business\target\test-classes;C:\Users\marie\Documents\Projet Eclipse Java\Organisez-Packagez-Projet-Maven-2-Ticket-App-Web-Multi-Tiers\ticket-business\target\classes;C:\Users\marie\Documents\Projet Eclipse Java\Organisez-Packagez-Projet-Maven-2-Ticket-App-Web-Multi-Tiers\ticket-consumer\target\ticket-consumer-1.0-SNAPSHOT.jar;C:\Users\marie\Documents\Projet Eclipse Java\Organisez-Packagez-Projet-Maven-2-Ticket-App-Web-Multi-Tiers\ticket-model\target\ticket-model-1.0-SNAPSHOT.jar;C:\Users\marie\ENV-DEV\Maven\.m2\repository\junit\junit\3.8.1\junit-3.8.1.jar;"/>
    <property name="sun.cpu.endian" value="little"/>
    <property name="user.home" value="C:\Users\marie"/>
    <property name="user.language" value="fr"/>
    <property name="java.specification.vendor" value="Oracle Corporation"/>
    <property name="java.version.date" value="2023-07-18"/>
    <property name="java.home" value="C:\Users\marie\ENV-DEV\Java\jdk-17.0.8+7"/>
    <property name="file.separator" value="\"/>
    <property name="basedir" value="C:\Users\marie\Documents\Projet Eclipse Java\Organisez-Packagez-Projet-Maven-2-Ticket-App-Web-Multi-Tiers\ticket-business"/>
    <property name="line.separator" value="&#10;"/>
    <property name="java.vm.specification.vendor" value="Oracle Corporation"/>
    <property name="java.specification.name" value="Java Platform API Specification"/>
    <property name="surefire.real.class.path" value="C:\Users\marie\AppData\Local\Temp\surefire7349025744667132723\surefirebooter-20230826170223280_9.jar"/>
    <property name="user.script" value=""/>
    <property name="sun.management.compiler" value="HotSpot Client Compiler"/>
    <property name="java.runtime.version" value="17.0.8+7"/>
    <property name="user.name" value="marie"/>
    <property name="path.separator" value=";"/>
    <property name="os.version" value="10.0"/>
    <property name="java.runtime.name" value="OpenJDK Runtime Environment"/>
    <property name="file.encoding" value="Cp1252"/>
    <property name="java.vm.name" value="OpenJDK Client VM"/>
    <property name="java.vendor.version" value="Temurin-17.0.8+7"/>
    <property name="localRepository" value="C:\Users\marie\ENV-DEV\Maven\.m2\repository"/>
    <property name="java.vendor.url.bug" value="https://github.com/adoptium/adoptium-support/issues"/>
    <property name="java.io.tmpdir" value="C:\Users\marie\AppData\Local\Temp\"/>
    <property name="java.version" value="17.0.8"/>
    <property name="user.dir" value="C:\Users\marie\Documents\Projet Eclipse Java\Organisez-Packagez-Projet-Maven-2-Ticket-App-Web-Multi-Tiers\ticket-business"/>
    <property name="os.arch" value="x86"/>
    <property name="java.vm.specification.name" value="Java Virtual Machine Specification"/>
    <property name="sun.os.patch.level" value=""/>
    <property name="native.encoding" value="Cp1252"/>
    <property name="java.library.path" value="C:\Users\marie\ENV-DEV\Java\jdk-17.0.8+7\bin;C:\WINDOWS\Sun\Java\bin;C:\WINDOWS\system32;C:\WINDOWS;C:\Users\marie\bin;C:\Program Files\Git\mingw64\bin;C:\Program Files\Git\usr\local\bin;C:\Program Files\Git\usr\bin;C:\Program Files\Git\usr\bin;C:\Program Files\Git\mingw64\bin;C:\Program Files\Git\usr\bin;C:\Users\marie\bin;C:\Users\marie\.p2\pool\plugins\org.eclipse.justj.openjdk.hotspot.jre.full.win32.x86_64_17.0.7.v20230425-1502\jre\bin\server;C:\Users\marie\.p2\pool\plugins\org.eclipse.justj.openjdk.hotspot.jre.full.win32.x86_64_17.0.7.v20230425-1502\jre\bin;C:\Program Files (x86)\Eclipse Adoptium\jdk-17.0.8.7-hotspot\bin;C:\Users\marie\ENV-MAVEN\JAVA\bin;C:\Program Files\MySQL\MySQL Shell 8.0\bin;C:\Users\marie\AppData\Local\Microsoft\WindowsApps;C:\Users\marie\AppData\Local\Programs\Microsoft VS Code\bin;C:\Users\marie\AppData\Roaming\npm;C:\Users\marie\ENV-DEV\Java\jdk-17.0.8+7\bin;C:\Users\marie\ENV-DEV\Maven\apache-maven-3.9.4\bin;C:\Users\marie\Desktop;C:\Program Files\Git\usr\bin\vendor_perl;C:\Program Files\Git\usr\bin\core_perl;."/>
    <property name="java.vm.info" value="mixed mode, emulated-client"/>
    <property name="java.vendor" value="Eclipse Adoptium"/>
    <property name="java.vm.version" value="17.0.8+7"/>
    <property name="sun.io.unicode.encoding" value="UnicodeLittle"/>
    <property name="java.class.version" value="61.0"/>
  </properties>
  <testcase name="testApp" classname="org.exemple.demo.business.AppTest" time="0.001"/>
</testsuite>